{"/home/hekwizera/Projects/kwizera-capstone/config.js": {"path":"/home/hekwizera/Projects/kwizera-capstone/config.js","statementMap":{"0":{"start":{"line":3,"column":0},"end":{"line":3,"column":16}},"1":{"start":{"line":5,"column":15},"end":{"line":16,"column":1}},"2":{"start":{"line":18,"column":22},"end":{"line":18,"column":50}}},"fnMap":{},"branchMap":{},"s":{"0":3,"1":3,"2":3},"f":{},"b":{},"_coverageSchema":"1a1c01bbd47fc00a2c39e90264f33305004495a9","hash":"15af8dd9e5e24f5dc57446e2f3625ce58178e523"}
,"/home/hekwizera/Projects/kwizera-capstone/index.js": {"path":"/home/hekwizera/Projects/kwizera-capstone/index.js","statementMap":{"0":{"start":{"line":5,"column":12},"end":{"line":5,"column":21}},"1":{"start":{"line":6,"column":17},"end":{"line":6,"column":23}},"2":{"start":{"line":7,"column":19},"end":{"line":7,"column":25}},"3":{"start":{"line":8,"column":15},"end":{"line":8,"column":21}},"4":{"start":{"line":24,"column":0},"end":{"line":27,"column":1}},"5":{"start":{"line":25,"column":4},"end":{"line":25,"column":62}},"6":{"start":{"line":26,"column":4},"end":{"line":26,"column":20}},"7":{"start":{"line":30,"column":0},"end":{"line":32,"column":46}},"8":{"start":{"line":31,"column":16},"end":{"line":31,"column":60}},"9":{"start":{"line":32,"column":18},"end":{"line":32,"column":44}},"10":{"start":{"line":35,"column":0},"end":{"line":35,"column":23}},"11":{"start":{"line":37,"column":0},"end":{"line":37,"column":19}},"12":{"start":{"line":38,"column":0},"end":{"line":38,"column":28}},"13":{"start":{"line":39,"column":0},"end":{"line":39,"column":34}},"14":{"start":{"line":40,"column":0},"end":{"line":40,"column":30}},"15":{"start":{"line":41,"column":0},"end":{"line":41,"column":28}},"16":{"start":{"line":42,"column":0},"end":{"line":42,"column":29}},"17":{"start":{"line":43,"column":0},"end":{"line":43,"column":39}},"18":{"start":{"line":47,"column":15},"end":{"line":49,"column":1}},"19":{"start":{"line":48,"column":4},"end":{"line":48,"column":58}}},"fnMap":{"0":{"name":"(anonymous_0)","decl":{"start":{"line":31,"column":10},"end":{"line":31,"column":11}},"loc":{"start":{"line":31,"column":16},"end":{"line":31,"column":60}},"line":31},"1":{"name":"(anonymous_1)","decl":{"start":{"line":32,"column":11},"end":{"line":32,"column":12}},"loc":{"start":{"line":32,"column":18},"end":{"line":32,"column":44}},"line":32},"2":{"name":"(anonymous_2)","decl":{"start":{"line":47,"column":32},"end":{"line":47,"column":33}},"loc":{"start":{"line":48,"column":4},"end":{"line":48,"column":58}},"line":48}},"branchMap":{"0":{"loc":{"start":{"line":24,"column":0},"end":{"line":27,"column":1}},"type":"if","locations":[{"start":{"line":24,"column":0},"end":{"line":27,"column":1}},{"start":{},"end":{}}],"line":24}},"s":{"0":2,"1":2,"2":2,"3":2,"4":2,"5":0,"6":0,"7":2,"8":2,"9":0,"10":2,"11":2,"12":2,"13":2,"14":2,"15":2,"16":2,"17":2,"18":2,"19":2},"f":{"0":2,"1":0,"2":2},"b":{"0":[0,2]},"_coverageSchema":"1a1c01bbd47fc00a2c39e90264f33305004495a9","hash":"73b0f920acd7f61ed077c0045570a7a9cd63e901"}
,"/home/hekwizera/Projects/kwizera-capstone/ controllers/BlogController.js": {"path":"/home/hekwizera/Projects/kwizera-capstone/ controllers/BlogController.js","statementMap":{"0":{"start":{"line":4,"column":16},"end":{"line":23,"column":1}},"1":{"start":{"line":6,"column":4},"end":{"line":21,"column":5}},"2":{"start":{"line":7,"column":21},"end":{"line":11,"column":10}},"3":{"start":{"line":12,"column":8},"end":{"line":15,"column":10}},"4":{"start":{"line":18,"column":8},"end":{"line":20,"column":10}},"5":{"start":{"line":26,"column":19},"end":{"line":32,"column":1}},"6":{"start":{"line":27,"column":21},"end":{"line":27,"column":46}},"7":{"start":{"line":28,"column":4},"end":{"line":31,"column":6}},"8":{"start":{"line":35,"column":18},"end":{"line":51,"column":1}},"9":{"start":{"line":36,"column":4},"end":{"line":50,"column":5}},"10":{"start":{"line":37,"column":23},"end":{"line":37,"column":36}},"11":{"start":{"line":38,"column":21},"end":{"line":38,"column":54}},"12":{"start":{"line":39,"column":28},"end":{"line":39,"column":72}},"13":{"start":{"line":40,"column":8},"end":{"line":44,"column":10}},"14":{"start":{"line":47,"column":8},"end":{"line":49,"column":10}},"15":{"start":{"line":55,"column":19},"end":{"line":70,"column":1}},"16":{"start":{"line":56,"column":4},"end":{"line":69,"column":5}},"17":{"start":{"line":58,"column":23},"end":{"line":58,"column":36}},"18":{"start":{"line":59,"column":24},"end":{"line":59,"column":91}},"19":{"start":{"line":60,"column":8},"end":{"line":63,"column":10}},"20":{"start":{"line":66,"column":8},"end":{"line":68,"column":10}},"21":{"start":{"line":74,"column":19},"end":{"line":87,"column":1}},"22":{"start":{"line":75,"column":4},"end":{"line":86,"column":5}},"23":{"start":{"line":76,"column":23},"end":{"line":76,"column":36}},"24":{"start":{"line":77,"column":8},"end":{"line":77,"column":50}},"25":{"start":{"line":78,"column":8},"end":{"line":81,"column":10}},"26":{"start":{"line":83,"column":8},"end":{"line":85,"column":10}},"27":{"start":{"line":94,"column":24},"end":{"line":94,"column":82}}},"fnMap":{"0":{"name":"(anonymous_0)","decl":{"start":{"line":4,"column":16},"end":{"line":4,"column":17}},"loc":{"start":{"line":4,"column":36},"end":{"line":23,"column":1}},"line":4},"1":{"name":"(anonymous_1)","decl":{"start":{"line":26,"column":19},"end":{"line":26,"column":20}},"loc":{"start":{"line":26,"column":39},"end":{"line":32,"column":1}},"line":26},"2":{"name":"(anonymous_2)","decl":{"start":{"line":35,"column":18},"end":{"line":35,"column":19}},"loc":{"start":{"line":35,"column":38},"end":{"line":51,"column":1}},"line":35},"3":{"name":"(anonymous_3)","decl":{"start":{"line":55,"column":19},"end":{"line":55,"column":20}},"loc":{"start":{"line":55,"column":39},"end":{"line":70,"column":1}},"line":55},"4":{"name":"(anonymous_4)","decl":{"start":{"line":74,"column":19},"end":{"line":74,"column":20}},"loc":{"start":{"line":74,"column":39},"end":{"line":87,"column":1}},"line":74}},"branchMap":{},"s":{"0":2,"1":2,"2":2,"3":1,"4":1,"5":2,"6":2,"7":2,"8":2,"9":1,"10":1,"11":1,"12":1,"13":1,"14":0,"15":2,"16":2,"17":2,"18":2,"19":1,"20":1,"21":2,"22":1,"23":1,"24":1,"25":0,"26":1,"27":2},"f":{"0":2,"1":2,"2":1,"3":2,"4":1},"b":{},"_coverageSchema":"1a1c01bbd47fc00a2c39e90264f33305004495a9","hash":"ff74954a958937ae720922f48bf466db9963d817"}
,"/home/hekwizera/Projects/kwizera-capstone/ controllers/CommentController.js": {"path":"/home/hekwizera/Projects/kwizera-capstone/ controllers/CommentController.js","statementMap":{"0":{"start":{"line":5,"column":19},"end":{"line":30,"column":1}},"1":{"start":{"line":6,"column":4},"end":{"line":28,"column":5}},"2":{"start":{"line":8,"column":23},"end":{"line":8,"column":36}},"3":{"start":{"line":9,"column":24},"end":{"line":9,"column":57}},"4":{"start":{"line":11,"column":8},"end":{"line":13,"column":11}},"5":{"start":{"line":11,"column":27},"end":{"line":13,"column":11}},"6":{"start":{"line":14,"column":24},"end":{"line":18,"column":10}},"7":{"start":{"line":19,"column":8},"end":{"line":22,"column":10}},"8":{"start":{"line":25,"column":8},"end":{"line":27,"column":10}},"9":{"start":{"line":33,"column":22},"end":{"line":47,"column":1}},"10":{"start":{"line":34,"column":4},"end":{"line":46,"column":5}},"11":{"start":{"line":35,"column":19},"end":{"line":35,"column":32}},"12":{"start":{"line":36,"column":21},"end":{"line":36,"column":50}},"13":{"start":{"line":37,"column":28},"end":{"line":37,"column":68}},"14":{"start":{"line":38,"column":8},"end":{"line":41,"column":10}},"15":{"start":{"line":43,"column":8},"end":{"line":45,"column":10}},"16":{"start":{"line":50,"column":22},"end":{"line":63,"column":1}},"17":{"start":{"line":51,"column":4},"end":{"line":62,"column":5}},"18":{"start":{"line":52,"column":26},"end":{"line":52,"column":39}},"19":{"start":{"line":53,"column":8},"end":{"line":53,"column":56}},"20":{"start":{"line":54,"column":8},"end":{"line":57,"column":10}},"21":{"start":{"line":59,"column":8},"end":{"line":61,"column":10}},"22":{"start":{"line":65,"column":27},"end":{"line":65,"column":71}}},"fnMap":{"0":{"name":"(anonymous_0)","decl":{"start":{"line":5,"column":19},"end":{"line":5,"column":20}},"loc":{"start":{"line":5,"column":39},"end":{"line":30,"column":1}},"line":5},"1":{"name":"(anonymous_1)","decl":{"start":{"line":33,"column":22},"end":{"line":33,"column":23}},"loc":{"start":{"line":33,"column":42},"end":{"line":47,"column":1}},"line":33},"2":{"name":"(anonymous_2)","decl":{"start":{"line":50,"column":22},"end":{"line":50,"column":23}},"loc":{"start":{"line":50,"column":42},"end":{"line":63,"column":1}},"line":50}},"branchMap":{"0":{"loc":{"start":{"line":11,"column":8},"end":{"line":13,"column":11}},"type":"if","locations":[{"start":{"line":11,"column":8},"end":{"line":13,"column":11}},{"start":{},"end":{}}],"line":11}},"s":{"0":2,"1":0,"2":0,"3":0,"4":0,"5":0,"6":0,"7":0,"8":0,"9":2,"10":0,"11":0,"12":0,"13":0,"14":0,"15":0,"16":2,"17":0,"18":0,"19":0,"20":0,"21":0,"22":2},"f":{"0":0,"1":0,"2":0},"b":{"0":[0,0]},"_coverageSchema":"1a1c01bbd47fc00a2c39e90264f33305004495a9","hash":"cc7fa45851d7b83078992e1e45938a4875d64fc4"}
,"/home/hekwizera/Projects/kwizera-capstone/ controllers/LoginController.js": {"path":"/home/hekwizera/Projects/kwizera-capstone/ controllers/LoginController.js","statementMap":{"0":{"start":{"line":4,"column":28},"end":{"line":26,"column":1}},"1":{"start":{"line":5,"column":2},"end":{"line":25,"column":3}},"2":{"start":{"line":6,"column":16},"end":{"line":6,"column":18}},"3":{"start":{"line":8,"column":23},"end":{"line":8,"column":74}},"4":{"start":{"line":9,"column":4},"end":{"line":9,"column":64}},"5":{"start":{"line":9,"column":23},"end":{"line":9,"column":64}},"6":{"start":{"line":11,"column":26},"end":{"line":11,"column":88}},"7":{"start":{"line":12,"column":4},"end":{"line":12,"column":65}},"8":{"start":{"line":12,"column":24},"end":{"line":12,"column":65}},"9":{"start":{"line":15,"column":18},"end":{"line":15,"column":50}},"10":{"start":{"line":16,"column":4},"end":{"line":18,"column":6}},"11":{"start":{"line":21,"column":4},"end":{"line":23,"column":6}}},"fnMap":{"0":{"name":"(anonymous_0)","decl":{"start":{"line":4,"column":28},"end":{"line":4,"column":29}},"loc":{"start":{"line":4,"column":48},"end":{"line":26,"column":1}},"line":4}},"branchMap":{"0":{"loc":{"start":{"line":9,"column":4},"end":{"line":9,"column":64}},"type":"if","locations":[{"start":{"line":9,"column":4},"end":{"line":9,"column":64}},{"start":{},"end":{}}],"line":9},"1":{"loc":{"start":{"line":12,"column":4},"end":{"line":12,"column":65}},"type":"if","locations":[{"start":{"line":12,"column":4},"end":{"line":12,"column":65}},{"start":{},"end":{}}],"line":12}},"s":{"0":2,"1":2,"2":2,"3":2,"4":2,"5":1,"6":1,"7":1,"8":0,"9":1,"10":1,"11":1},"f":{"0":2},"b":{"0":[1,1],"1":[0,1]},"_coverageSchema":"1a1c01bbd47fc00a2c39e90264f33305004495a9","hash":"c3536870382e0098c45eedfe89c88aacd4f093b5"}
,"/home/hekwizera/Projects/kwizera-capstone/ controllers/MessageController.js": {"path":"/home/hekwizera/Projects/kwizera-capstone/ controllers/MessageController.js","statementMap":{"0":{"start":{"line":4,"column":19},"end":{"line":22,"column":1}},"1":{"start":{"line":5,"column":4},"end":{"line":21,"column":5}},"2":{"start":{"line":6,"column":24},"end":{"line":11,"column":10}},"3":{"start":{"line":12,"column":8},"end":{"line":15,"column":10}},"4":{"start":{"line":18,"column":8},"end":{"line":20,"column":10}},"5":{"start":{"line":25,"column":22},"end":{"line":37,"column":1}},"6":{"start":{"line":26,"column":4},"end":{"line":36,"column":5}},"7":{"start":{"line":27,"column":28},"end":{"line":27,"column":56}},"8":{"start":{"line":28,"column":8},"end":{"line":31,"column":10}},"9":{"start":{"line":33,"column":8},"end":{"line":35,"column":10}},"10":{"start":{"line":41,"column":21},"end":{"line":54,"column":1}},"11":{"start":{"line":42,"column":4},"end":{"line":53,"column":5}},"12":{"start":{"line":43,"column":26},"end":{"line":43,"column":39}},"13":{"start":{"line":44,"column":24},"end":{"line":44,"column":63}},"14":{"start":{"line":45,"column":8},"end":{"line":48,"column":10}},"15":{"start":{"line":50,"column":8},"end":{"line":52,"column":10}},"16":{"start":{"line":57,"column":22},"end":{"line":69,"column":1}},"17":{"start":{"line":58,"column":4},"end":{"line":68,"column":5}},"18":{"start":{"line":59,"column":26},"end":{"line":59,"column":39}},"19":{"start":{"line":60,"column":8},"end":{"line":60,"column":56}},"20":{"start":{"line":61,"column":8},"end":{"line":63,"column":10}},"21":{"start":{"line":65,"column":8},"end":{"line":67,"column":10}},"22":{"start":{"line":71,"column":27},"end":{"line":71,"column":85}}},"fnMap":{"0":{"name":"(anonymous_0)","decl":{"start":{"line":4,"column":19},"end":{"line":4,"column":20}},"loc":{"start":{"line":4,"column":39},"end":{"line":22,"column":1}},"line":4},"1":{"name":"(anonymous_1)","decl":{"start":{"line":25,"column":22},"end":{"line":25,"column":23}},"loc":{"start":{"line":25,"column":42},"end":{"line":37,"column":1}},"line":25},"2":{"name":"(anonymous_2)","decl":{"start":{"line":41,"column":21},"end":{"line":41,"column":22}},"loc":{"start":{"line":41,"column":41},"end":{"line":54,"column":1}},"line":41},"3":{"name":"(anonymous_3)","decl":{"start":{"line":57,"column":22},"end":{"line":57,"column":23}},"loc":{"start":{"line":57,"column":42},"end":{"line":69,"column":1}},"line":57}},"branchMap":{},"s":{"0":2,"1":0,"2":0,"3":0,"4":0,"5":2,"6":0,"7":0,"8":0,"9":0,"10":2,"11":0,"12":0,"13":0,"14":0,"15":0,"16":2,"17":0,"18":0,"19":0,"20":0,"21":0,"22":2},"f":{"0":0,"1":0,"2":0,"3":0},"b":{},"_coverageSchema":"1a1c01bbd47fc00a2c39e90264f33305004495a9","hash":"a4cfb66c2b6ac0174e4194c7ab3286f7b8368b2d"}
,"/home/hekwizera/Projects/kwizera-capstone/ controllers/SkillController.js": {"path":"/home/hekwizera/Projects/kwizera-capstone/ controllers/SkillController.js","statementMap":{"0":{"start":{"line":4,"column":17},"end":{"line":21,"column":1}},"1":{"start":{"line":5,"column":4},"end":{"line":19,"column":5}},"2":{"start":{"line":6,"column":25},"end":{"line":9,"column":10}},"3":{"start":{"line":10,"column":8},"end":{"line":13,"column":10}},"4":{"start":{"line":16,"column":8},"end":{"line":18,"column":10}},"5":{"start":{"line":24,"column":20},"end":{"line":37,"column":1}},"6":{"start":{"line":25,"column":4},"end":{"line":36,"column":5}},"7":{"start":{"line":26,"column":26},"end":{"line":26,"column":52}},"8":{"start":{"line":27,"column":8},"end":{"line":30,"column":10}},"9":{"start":{"line":32,"column":8},"end":{"line":34,"column":10}},"10":{"start":{"line":41,"column":19},"end":{"line":53,"column":1}},"11":{"start":{"line":42,"column":4},"end":{"line":52,"column":5}},"12":{"start":{"line":43,"column":22},"end":{"line":43,"column":63}},"13":{"start":{"line":44,"column":8},"end":{"line":47,"column":10}},"14":{"start":{"line":49,"column":8},"end":{"line":51,"column":10}},"15":{"start":{"line":57,"column":20},"end":{"line":72,"column":1}},"16":{"start":{"line":58,"column":4},"end":{"line":71,"column":5}},"17":{"start":{"line":60,"column":24},"end":{"line":60,"column":37}},"18":{"start":{"line":61,"column":24},"end":{"line":61,"column":93}},"19":{"start":{"line":62,"column":8},"end":{"line":65,"column":10}},"20":{"start":{"line":68,"column":8},"end":{"line":70,"column":10}},"21":{"start":{"line":75,"column":20},"end":{"line":87,"column":1}},"22":{"start":{"line":76,"column":4},"end":{"line":86,"column":5}},"23":{"start":{"line":77,"column":24},"end":{"line":77,"column":37}},"24":{"start":{"line":78,"column":8},"end":{"line":78,"column":52}},"25":{"start":{"line":79,"column":8},"end":{"line":81,"column":10}},"26":{"start":{"line":83,"column":8},"end":{"line":85,"column":10}},"27":{"start":{"line":89,"column":25},"end":{"line":89,"column":88}}},"fnMap":{"0":{"name":"(anonymous_0)","decl":{"start":{"line":4,"column":17},"end":{"line":4,"column":18}},"loc":{"start":{"line":4,"column":37},"end":{"line":21,"column":1}},"line":4},"1":{"name":"(anonymous_1)","decl":{"start":{"line":24,"column":20},"end":{"line":24,"column":21}},"loc":{"start":{"line":24,"column":40},"end":{"line":37,"column":1}},"line":24},"2":{"name":"(anonymous_2)","decl":{"start":{"line":41,"column":19},"end":{"line":41,"column":20}},"loc":{"start":{"line":41,"column":39},"end":{"line":53,"column":1}},"line":41},"3":{"name":"(anonymous_3)","decl":{"start":{"line":57,"column":20},"end":{"line":57,"column":21}},"loc":{"start":{"line":57,"column":40},"end":{"line":72,"column":1}},"line":57},"4":{"name":"(anonymous_4)","decl":{"start":{"line":75,"column":20},"end":{"line":75,"column":21}},"loc":{"start":{"line":75,"column":40},"end":{"line":87,"column":1}},"line":75}},"branchMap":{},"s":{"0":2,"1":0,"2":0,"3":0,"4":0,"5":2,"6":0,"7":0,"8":0,"9":0,"10":2,"11":0,"12":0,"13":0,"14":0,"15":2,"16":0,"17":0,"18":0,"19":0,"20":0,"21":2,"22":0,"23":0,"24":0,"25":0,"26":0,"27":2},"f":{"0":0,"1":0,"2":0,"3":0,"4":0},"b":{},"_coverageSchema":"1a1c01bbd47fc00a2c39e90264f33305004495a9","hash":"910ca1b76114b76729ae0c470e8deb16fd68687e"}
,"/home/hekwizera/Projects/kwizera-capstone/ controllers/UserController.js": {"path":"/home/hekwizera/Projects/kwizera-capstone/ controllers/UserController.js","statementMap":{"0":{"start":{"line":7,"column":16},"end":{"line":31,"column":1}},"1":{"start":{"line":8,"column":4},"end":{"line":30,"column":5}},"2":{"start":{"line":9,"column":20},"end":{"line":9,"column":22}},"3":{"start":{"line":11,"column":19},"end":{"line":11,"column":70}},"4":{"start":{"line":12,"column":8},"end":{"line":12,"column":71}},"5":{"start":{"line":12,"column":18},"end":{"line":12,"column":71}},"6":{"start":{"line":15,"column":21},"end":{"line":15,"column":45}},"7":{"start":{"line":16,"column":8},"end":{"line":16,"column":71}},"8":{"start":{"line":17,"column":8},"end":{"line":17,"column":97}},"9":{"start":{"line":18,"column":8},"end":{"line":18,"column":26}},"10":{"start":{"line":20,"column":8},"end":{"line":22,"column":10}},"11":{"start":{"line":27,"column":8},"end":{"line":29,"column":10}},"12":{"start":{"line":33,"column":18},"end":{"line":48,"column":1}},"13":{"start":{"line":34,"column":4},"end":{"line":47,"column":5}},"14":{"start":{"line":35,"column":23},"end":{"line":35,"column":36}},"15":{"start":{"line":36,"column":24},"end":{"line":36,"column":57}},"16":{"start":{"line":37,"column":8},"end":{"line":40,"column":10}},"17":{"start":{"line":44,"column":8},"end":{"line":46,"column":10}},"18":{"start":{"line":50,"column":19},"end":{"line":64,"column":1}},"19":{"start":{"line":51,"column":4},"end":{"line":63,"column":5}},"20":{"start":{"line":52,"column":24},"end":{"line":52,"column":83}},"21":{"start":{"line":53,"column":8},"end":{"line":56,"column":10}},"22":{"start":{"line":60,"column":8},"end":{"line":62,"column":10}},"23":{"start":{"line":70,"column":19},"end":{"line":82,"column":1}},"24":{"start":{"line":71,"column":4},"end":{"line":81,"column":5}},"25":{"start":{"line":72,"column":25},"end":{"line":72,"column":50}},"26":{"start":{"line":73,"column":8},"end":{"line":76,"column":10}},"27":{"start":{"line":78,"column":8},"end":{"line":80,"column":10}},"28":{"start":{"line":84,"column":19},"end":{"line":97,"column":1}},"29":{"start":{"line":85,"column":4},"end":{"line":96,"column":5}},"30":{"start":{"line":86,"column":23},"end":{"line":86,"column":36}},"31":{"start":{"line":87,"column":24},"end":{"line":87,"column":91}},"32":{"start":{"line":88,"column":8},"end":{"line":91,"column":10}},"33":{"start":{"line":93,"column":8},"end":{"line":95,"column":10}},"34":{"start":{"line":99,"column":19},"end":{"line":113,"column":1}},"35":{"start":{"line":100,"column":4},"end":{"line":112,"column":5}},"36":{"start":{"line":101,"column":23},"end":{"line":101,"column":36}},"37":{"start":{"line":102,"column":24},"end":{"line":102,"column":66}},"38":{"start":{"line":103,"column":8},"end":{"line":106,"column":10}},"39":{"start":{"line":109,"column":8},"end":{"line":111,"column":10}},"40":{"start":{"line":115,"column":24},"end":{"line":115,"column":94}}},"fnMap":{"0":{"name":"(anonymous_0)","decl":{"start":{"line":7,"column":16},"end":{"line":7,"column":17}},"loc":{"start":{"line":7,"column":36},"end":{"line":31,"column":1}},"line":7},"1":{"name":"(anonymous_1)","decl":{"start":{"line":33,"column":18},"end":{"line":33,"column":19}},"loc":{"start":{"line":33,"column":38},"end":{"line":48,"column":1}},"line":33},"2":{"name":"(anonymous_2)","decl":{"start":{"line":50,"column":19},"end":{"line":50,"column":20}},"loc":{"start":{"line":50,"column":39},"end":{"line":64,"column":1}},"line":50},"3":{"name":"(anonymous_3)","decl":{"start":{"line":70,"column":19},"end":{"line":70,"column":20}},"loc":{"start":{"line":70,"column":39},"end":{"line":82,"column":1}},"line":70},"4":{"name":"(anonymous_4)","decl":{"start":{"line":84,"column":19},"end":{"line":84,"column":20}},"loc":{"start":{"line":84,"column":39},"end":{"line":97,"column":1}},"line":84},"5":{"name":"(anonymous_5)","decl":{"start":{"line":99,"column":19},"end":{"line":99,"column":20}},"loc":{"start":{"line":99,"column":39},"end":{"line":113,"column":1}},"line":99}},"branchMap":{"0":{"loc":{"start":{"line":12,"column":8},"end":{"line":12,"column":71}},"type":"if","locations":[{"start":{"line":12,"column":8},"end":{"line":12,"column":71}},{"start":{},"end":{}}],"line":12}},"s":{"0":2,"1":2,"2":2,"3":2,"4":2,"5":1,"6":1,"7":1,"8":1,"9":1,"10":1,"11":1,"12":2,"13":0,"14":0,"15":0,"16":0,"17":0,"18":2,"19":0,"20":0,"21":0,"22":0,"23":2,"24":0,"25":0,"26":0,"27":0,"28":2,"29":0,"30":0,"31":0,"32":0,"33":0,"34":2,"35":0,"36":0,"37":0,"38":0,"39":0,"40":2},"f":{"0":2,"1":0,"2":0,"3":0,"4":0,"5":0},"b":{"0":[1,1]},"_coverageSchema":"1a1c01bbd47fc00a2c39e90264f33305004495a9","hash":"1d1952f4eff69ce66256acd6e84b9299ced1aa5f"}
,"/home/hekwizera/Projects/kwizera-capstone/helpers/auth.helper.js": {"path":"/home/hekwizera/Projects/kwizera-capstone/helpers/auth.helper.js","statementMap":{"0":{"start":{"line":4,"column":19},"end":{"line":4,"column":25}},"1":{"start":{"line":6,"column":31},"end":{"line":9,"column":1}},"2":{"start":{"line":7,"column":18},"end":{"line":7,"column":62}},"3":{"start":{"line":8,"column":4},"end":{"line":8,"column":17}},"4":{"start":{"line":11,"column":30},"end":{"line":14,"column":1}},"5":{"start":{"line":12,"column":18},"end":{"line":12,"column":47}},"6":{"start":{"line":13,"column":4},"end":{"line":13,"column":17}},"7":{"start":{"line":16,"column":25},"end":{"line":16,"column":74}}},"fnMap":{"0":{"name":"(anonymous_0)","decl":{"start":{"line":6,"column":31},"end":{"line":6,"column":32}},"loc":{"start":{"line":6,"column":44},"end":{"line":9,"column":1}},"line":6},"1":{"name":"(anonymous_1)","decl":{"start":{"line":11,"column":30},"end":{"line":11,"column":31}},"loc":{"start":{"line":11,"column":43},"end":{"line":14,"column":1}},"line":11}},"branchMap":{},"s":{"0":1,"1":1,"2":6,"3":6,"4":1,"5":0,"6":0,"7":1},"f":{"0":6,"1":0},"b":{},"_coverageSchema":"1a1c01bbd47fc00a2c39e90264f33305004495a9","hash":"32ad6734a2fb64d03fda2312794c74f516d8879c"}
,"/home/hekwizera/Projects/kwizera-capstone/helpers/email.generator.js": {"path":"/home/hekwizera/Projects/kwizera-capstone/helpers/email.generator.js","statementMap":{"0":{"start":{"line":1,"column":27},"end":{"line":3,"column":1}},"1":{"start":{"line":2,"column":4},"end":{"line":2,"column":56}}},"fnMap":{"0":{"name":"(anonymous_0)","decl":{"start":{"line":1,"column":27},"end":{"line":1,"column":28}},"loc":{"start":{"line":1,"column":43},"end":{"line":3,"column":1}},"line":1}},"branchMap":{"0":{"loc":{"start":{"line":1,"column":28},"end":{"line":1,"column":38}},"type":"default-arg","locations":[{"start":{"line":1,"column":37},"end":{"line":1,"column":38}}],"line":1}},"s":{"0":1,"1":1},"f":{"0":1},"b":{"0":[0]},"_coverageSchema":"1a1c01bbd47fc00a2c39e90264f33305004495a9","hash":"dc88968f76cc66740a0b930705d5a0c92b9e338b"}
,"/home/hekwizera/Projects/kwizera-capstone/middlewares/admin.js": {"path":"/home/hekwizera/Projects/kwizera-capstone/middlewares/admin.js","statementMap":{"0":{"start":{"line":3,"column":4},"end":{"line":3,"column":150}},"1":{"start":{"line":3,"column":27},"end":{"line":3,"column":150}},"2":{"start":{"line":4,"column":4},"end":{"line":4,"column":11}},"3":{"start":{"line":7,"column":21},"end":{"line":7,"column":30}}},"fnMap":{"0":{"name":"adminRole","decl":{"start":{"line":2,"column":9},"end":{"line":2,"column":18}},"loc":{"start":{"line":2,"column":35},"end":{"line":5,"column":1}},"line":2}},"branchMap":{"0":{"loc":{"start":{"line":3,"column":4},"end":{"line":3,"column":150}},"type":"if","locations":[{"start":{"line":3,"column":4},"end":{"line":3,"column":150}},{"start":{},"end":{}}],"line":3}},"s":{"0":5,"1":0,"2":5,"3":2},"f":{"0":5},"b":{"0":[0,5]},"_coverageSchema":"1a1c01bbd47fc00a2c39e90264f33305004495a9","hash":"b36a96de8b194a21b1a1802158fa8814f20faf16"}
,"/home/hekwizera/Projects/kwizera-capstone/middlewares/jwt_auth.js": {"path":"/home/hekwizera/Projects/kwizera-capstone/middlewares/jwt_auth.js","statementMap":{"0":{"start":{"line":4,"column":19},"end":{"line":4,"column":25}},"1":{"start":{"line":9,"column":18},"end":{"line":9,"column":44}},"2":{"start":{"line":12,"column":4},"end":{"line":14,"column":7}},"3":{"start":{"line":12,"column":16},"end":{"line":14,"column":7}},"4":{"start":{"line":16,"column":4},"end":{"line":25,"column":5}},"5":{"start":{"line":18,"column":30},"end":{"line":18,"column":55}},"6":{"start":{"line":19,"column":8},"end":{"line":19,"column":33}},"7":{"start":{"line":20,"column":8},"end":{"line":20,"column":15}},"8":{"start":{"line":22,"column":8},"end":{"line":24,"column":10}},"9":{"start":{"line":29,"column":20},"end":{"line":29,"column":30}}},"fnMap":{"0":{"name":"validToken","decl":{"start":{"line":6,"column":9},"end":{"line":6,"column":19}},"loc":{"start":{"line":6,"column":36},"end":{"line":27,"column":1}},"line":6}},"branchMap":{"0":{"loc":{"start":{"line":12,"column":4},"end":{"line":14,"column":7}},"type":"if","locations":[{"start":{"line":12,"column":4},"end":{"line":14,"column":7}},{"start":{},"end":{}}],"line":12}},"s":{"0":2,"1":6,"2":6,"3":1,"4":5,"5":5,"6":5,"7":5,"8":0,"9":2},"f":{"0":6},"b":{"0":[1,5]},"_coverageSchema":"1a1c01bbd47fc00a2c39e90264f33305004495a9","hash":"3f2b9955ba767d05b8bd4306620dbfc80ae72989"}
,"/home/hekwizera/Projects/kwizera-capstone/models/blogSchema.js": {"path":"/home/hekwizera/Projects/kwizera-capstone/models/blogSchema.js","statementMap":{"0":{"start":{"line":3,"column":19},"end":{"line":21,"column":2}}},"fnMap":{},"branchMap":{},"s":{"0":2},"f":{},"b":{},"_coverageSchema":"1a1c01bbd47fc00a2c39e90264f33305004495a9","hash":"d4572e06ec54fd387b88f2a615cecfe4a921ceb1"}
,"/home/hekwizera/Projects/kwizera-capstone/models/commentSchema.js": {"path":"/home/hekwizera/Projects/kwizera-capstone/models/commentSchema.js","statementMap":{"0":{"start":{"line":3,"column":22},"end":{"line":20,"column":2}}},"fnMap":{},"branchMap":{},"s":{"0":2},"f":{},"b":{},"_coverageSchema":"1a1c01bbd47fc00a2c39e90264f33305004495a9","hash":"f5f7286fdd53e420aadd8316c02c06deafec80ac"}
,"/home/hekwizera/Projects/kwizera-capstone/models/messageSchema.js": {"path":"/home/hekwizera/Projects/kwizera-capstone/models/messageSchema.js","statementMap":{"0":{"start":{"line":3,"column":22},"end":{"line":20,"column":2}}},"fnMap":{},"branchMap":{},"s":{"0":2},"f":{},"b":{},"_coverageSchema":"1a1c01bbd47fc00a2c39e90264f33305004495a9","hash":"7cf32660bbd0347b756444931989a519815f9e77"}
,"/home/hekwizera/Projects/kwizera-capstone/models/skillSchema.js": {"path":"/home/hekwizera/Projects/kwizera-capstone/models/skillSchema.js","statementMap":{"0":{"start":{"line":3,"column":20},"end":{"line":12,"column":2}}},"fnMap":{},"branchMap":{},"s":{"0":2},"f":{},"b":{},"_coverageSchema":"1a1c01bbd47fc00a2c39e90264f33305004495a9","hash":"4133f1612a178b897aa93726102d120eb4dc0252"}
,"/home/hekwizera/Projects/kwizera-capstone/models/userSchema.js": {"path":"/home/hekwizera/Projects/kwizera-capstone/models/userSchema.js","statementMap":{"0":{"start":{"line":5,"column":19},"end":{"line":5,"column":25}},"1":{"start":{"line":6,"column":19},"end":{"line":30,"column":2}},"2":{"start":{"line":32,"column":0},"end":{"line":35,"column":1}},"3":{"start":{"line":33,"column":18},"end":{"line":33,"column":76}},"4":{"start":{"line":34,"column":4},"end":{"line":34,"column":17}}},"fnMap":{"0":{"name":"(anonymous_0)","decl":{"start":{"line":32,"column":39},"end":{"line":32,"column":40}},"loc":{"start":{"line":32,"column":51},"end":{"line":35,"column":1}},"line":32}},"branchMap":{},"s":{"0":3,"1":3,"2":3,"3":2,"4":2},"f":{"0":2},"b":{},"_coverageSchema":"1a1c01bbd47fc00a2c39e90264f33305004495a9","hash":"25dbc2982930c823c3281b17017a2a0b22e03fee"}
,"/home/hekwizera/Projects/kwizera-capstone/routes/blogs.js": {"path":"/home/hekwizera/Projects/kwizera-capstone/routes/blogs.js","statementMap":{"0":{"start":{"line":7,"column":15},"end":{"line":7,"column":23}},"1":{"start":{"line":10,"column":0},"end":{"line":10,"column":56}},"2":{"start":{"line":13,"column":0},"end":{"line":13,"column":40}},"3":{"start":{"line":16,"column":0},"end":{"line":16,"column":44}},"4":{"start":{"line":19,"column":0},"end":{"line":19,"column":61}},"5":{"start":{"line":22,"column":0},"end":{"line":22,"column":65}},"6":{"start":{"line":24,"column":21},"end":{"line":24,"column":27}}},"fnMap":{},"branchMap":{},"s":{"0":2,"1":2,"2":2,"3":2,"4":2,"5":2,"6":2},"f":{},"b":{},"_coverageSchema":"1a1c01bbd47fc00a2c39e90264f33305004495a9","hash":"d3d0132dae6bc4fa998775d7564ceb949877f09c"}
,"/home/hekwizera/Projects/kwizera-capstone/routes/comments.js": {"path":"/home/hekwizera/Projects/kwizera-capstone/routes/comments.js","statementMap":{"0":{"start":{"line":5,"column":15},"end":{"line":5,"column":23}},"1":{"start":{"line":9,"column":0},"end":{"line":9,"column":57}},"2":{"start":{"line":12,"column":0},"end":{"line":12,"column":50}},"3":{"start":{"line":15,"column":0},"end":{"line":15,"column":61}},"4":{"start":{"line":18,"column":24},"end":{"line":18,"column":30}}},"fnMap":{},"branchMap":{},"s":{"0":2,"1":2,"2":2,"3":2,"4":2},"f":{},"b":{},"_coverageSchema":"1a1c01bbd47fc00a2c39e90264f33305004495a9","hash":"e4ae7dd6c46dc68c05f99fbed1a482a0c634d2c9"}
,"/home/hekwizera/Projects/kwizera-capstone/routes/home.js": {"path":"/home/hekwizera/Projects/kwizera-capstone/routes/home.js","statementMap":{"0":{"start":{"line":2,"column":15},"end":{"line":2,"column":23}},"1":{"start":{"line":4,"column":0},"end":{"line":6,"column":2}},"2":{"start":{"line":5,"column":4},"end":{"line":5,"column":33}},"3":{"start":{"line":8,"column":20},"end":{"line":8,"column":26}}},"fnMap":{"0":{"name":"(anonymous_0)","decl":{"start":{"line":4,"column":16},"end":{"line":4,"column":17}},"loc":{"start":{"line":4,"column":30},"end":{"line":6,"column":1}},"line":4}},"branchMap":{},"s":{"0":2,"1":2,"2":0,"3":2},"f":{"0":0},"b":{},"_coverageSchema":"1a1c01bbd47fc00a2c39e90264f33305004495a9","hash":"4cbe092110c7586b7791fc70ea581364cdabb439"}
,"/home/hekwizera/Projects/kwizera-capstone/routes/login.js": {"path":"/home/hekwizera/Projects/kwizera-capstone/routes/login.js","statementMap":{"0":{"start":{"line":3,"column":15},"end":{"line":3,"column":23}},"1":{"start":{"line":6,"column":0},"end":{"line":6,"column":31}},"2":{"start":{"line":8,"column":21},"end":{"line":8,"column":27}}},"fnMap":{},"branchMap":{},"s":{"0":2,"1":2,"2":2},"f":{},"b":{},"_coverageSchema":"1a1c01bbd47fc00a2c39e90264f33305004495a9","hash":"4c27c705ba0880903de994c9b7c06f474d6ddb06"}
,"/home/hekwizera/Projects/kwizera-capstone/routes/messages.js": {"path":"/home/hekwizera/Projects/kwizera-capstone/routes/messages.js","statementMap":{"0":{"start":{"line":6,"column":15},"end":{"line":6,"column":23}},"1":{"start":{"line":10,"column":0},"end":{"line":10,"column":53}},"2":{"start":{"line":13,"column":0},"end":{"line":13,"column":61}},"3":{"start":{"line":16,"column":0},"end":{"line":16,"column":65}},"4":{"start":{"line":19,"column":0},"end":{"line":19,"column":71}},"5":{"start":{"line":21,"column":24},"end":{"line":21,"column":30}}},"fnMap":{},"branchMap":{},"s":{"0":2,"1":2,"2":2,"3":2,"4":2,"5":2},"f":{},"b":{},"_coverageSchema":"1a1c01bbd47fc00a2c39e90264f33305004495a9","hash":"2b6623c842f498c0fa3de8d02e51405b96a2e900"}
,"/home/hekwizera/Projects/kwizera-capstone/routes/skills.js": {"path":"/home/hekwizera/Projects/kwizera-capstone/routes/skills.js","statementMap":{"0":{"start":{"line":6,"column":15},"end":{"line":6,"column":23}},"1":{"start":{"line":10,"column":0},"end":{"line":10,"column":58}},"2":{"start":{"line":13,"column":0},"end":{"line":13,"column":42}},"3":{"start":{"line":16,"column":0},"end":{"line":16,"column":46}},"4":{"start":{"line":19,"column":0},"end":{"line":19,"column":64}},"5":{"start":{"line":23,"column":0},"end":{"line":23,"column":60}},"6":{"start":{"line":25,"column":22},"end":{"line":25,"column":28}}},"fnMap":{},"branchMap":{},"s":{"0":2,"1":2,"2":2,"3":2,"4":2,"5":2,"6":2},"f":{},"b":{},"_coverageSchema":"1a1c01bbd47fc00a2c39e90264f33305004495a9","hash":"ffbcd3c3bdd5bb73ce18dfd940a82521b36daefa"}
,"/home/hekwizera/Projects/kwizera-capstone/routes/users.js": {"path":"/home/hekwizera/Projects/kwizera-capstone/routes/users.js","statementMap":{"0":{"start":{"line":6,"column":15},"end":{"line":6,"column":23}},"1":{"start":{"line":9,"column":0},"end":{"line":9,"column":41}},"2":{"start":{"line":13,"column":0},"end":{"line":13,"column":46}},"3":{"start":{"line":16,"column":0},"end":{"line":16,"column":59}},"4":{"start":{"line":20,"column":0},"end":{"line":20,"column":44}},"5":{"start":{"line":23,"column":0},"end":{"line":23,"column":61}},"6":{"start":{"line":26,"column":0},"end":{"line":26,"column":65}},"7":{"start":{"line":30,"column":21},"end":{"line":30,"column":27}}},"fnMap":{},"branchMap":{},"s":{"0":2,"1":2,"2":2,"3":2,"4":2,"5":2,"6":2,"7":2},"f":{},"b":{},"_coverageSchema":"1a1c01bbd47fc00a2c39e90264f33305004495a9","hash":"2558afd5f07f84345dcc4df767587f8664057739"}
}
