TN:
SF:config.js
FNF:0
FNH:0
DA:3,3
DA:5,3
DA:18,3
LF:3
LH:3
BRF:0
BRH:0
end_of_record
TN:
SF:index.js
FN:31,(anonymous_0)
FN:32,(anonymous_1)
FN:47,(anonymous_2)
FNF:3
FNH:2
FNDA:2,(anonymous_0)
FNDA:0,(anonymous_1)
FNDA:2,(anonymous_2)
DA:5,2
DA:6,2
DA:7,2
DA:8,2
DA:24,2
DA:25,0
DA:26,0
DA:30,2
DA:31,2
DA:32,0
DA:35,2
DA:37,2
DA:38,2
DA:39,2
DA:40,2
DA:41,2
DA:42,2
DA:43,2
DA:47,2
DA:48,2
LF:20
LH:17
BRDA:24,0,0,0
BRDA:24,0,1,2
BRF:2
BRH:1
end_of_record
TN:
SF: controllers/BlogController.js
FN:4,(anonymous_0)
FN:26,(anonymous_1)
FN:35,(anonymous_2)
FN:55,(anonymous_3)
FN:74,(anonymous_4)
FNF:5
FNH:5
FNDA:2,(anonymous_0)
FNDA:2,(anonymous_1)
FNDA:1,(anonymous_2)
FNDA:2,(anonymous_3)
FNDA:1,(anonymous_4)
DA:4,2
DA:6,2
DA:7,2
DA:12,1
DA:18,1
DA:26,2
DA:27,2
DA:28,2
DA:35,2
DA:36,1
DA:37,1
DA:38,1
DA:39,1
DA:40,1
DA:47,0
DA:55,2
DA:56,2
DA:58,2
DA:59,2
DA:60,1
DA:66,1
DA:74,2
DA:75,1
DA:76,1
DA:77,1
DA:78,0
DA:83,1
DA:94,2
LF:28
LH:26
BRF:0
BRH:0
end_of_record
TN:
SF: controllers/CommentController.js
FN:5,(anonymous_0)
FN:33,(anonymous_1)
FN:50,(anonymous_2)
FNF:3
FNH:0
FNDA:0,(anonymous_0)
FNDA:0,(anonymous_1)
FNDA:0,(anonymous_2)
DA:5,2
DA:6,0
DA:8,0
DA:9,0
DA:11,0
DA:14,0
DA:19,0
DA:25,0
DA:33,2
DA:34,0
DA:35,0
DA:36,0
DA:37,0
DA:38,0
DA:43,0
DA:50,2
DA:51,0
DA:52,0
DA:53,0
DA:54,0
DA:59,0
DA:65,2
LF:22
LH:4
BRDA:11,0,0,0
BRDA:11,0,1,0
BRF:2
BRH:0
end_of_record
TN:
SF: controllers/LoginController.js
FN:4,(anonymous_0)
FNF:1
FNH:1
FNDA:2,(anonymous_0)
DA:4,2
DA:5,2
DA:6,2
DA:8,2
DA:9,2
DA:11,1
DA:12,1
DA:15,1
DA:16,1
DA:21,1
LF:10
LH:10
BRDA:9,0,0,1
BRDA:9,0,1,1
BRDA:12,1,0,0
BRDA:12,1,1,1
BRF:4
BRH:3
end_of_record
TN:
SF: controllers/MessageController.js
FN:4,(anonymous_0)
FN:25,(anonymous_1)
FN:41,(anonymous_2)
FN:57,(anonymous_3)
FNF:4
FNH:0
FNDA:0,(anonymous_0)
FNDA:0,(anonymous_1)
FNDA:0,(anonymous_2)
FNDA:0,(anonymous_3)
DA:4,2
DA:5,0
DA:6,0
DA:12,0
DA:18,0
DA:25,2
DA:26,0
DA:27,0
DA:28,0
DA:33,0
DA:41,2
DA:42,0
DA:43,0
DA:44,0
DA:45,0
DA:50,0
DA:57,2
DA:58,0
DA:59,0
DA:60,0
DA:61,0
DA:65,0
DA:71,2
LF:23
LH:5
BRF:0
BRH:0
end_of_record
TN:
SF: controllers/SkillController.js
FN:4,(anonymous_0)
FN:24,(anonymous_1)
FN:41,(anonymous_2)
FN:57,(anonymous_3)
FN:75,(anonymous_4)
FNF:5
FNH:0
FNDA:0,(anonymous_0)
FNDA:0,(anonymous_1)
FNDA:0,(anonymous_2)
FNDA:0,(anonymous_3)
FNDA:0,(anonymous_4)
DA:4,2
DA:5,0
DA:6,0
DA:10,0
DA:16,0
DA:24,2
DA:25,0
DA:26,0
DA:27,0
DA:32,0
DA:41,2
DA:42,0
DA:43,0
DA:44,0
DA:49,0
DA:57,2
DA:58,0
DA:60,0
DA:61,0
DA:62,0
DA:68,0
DA:75,2
DA:76,0
DA:77,0
DA:78,0
DA:79,0
DA:83,0
DA:89,2
LF:28
LH:6
BRF:0
BRH:0
end_of_record
TN:
SF: controllers/UserController.js
FN:7,(anonymous_0)
FN:33,(anonymous_1)
FN:50,(anonymous_2)
FN:70,(anonymous_3)
FN:84,(anonymous_4)
FN:99,(anonymous_5)
FNF:6
FNH:1
FNDA:2,(anonymous_0)
FNDA:0,(anonymous_1)
FNDA:0,(anonymous_2)
FNDA:0,(anonymous_3)
FNDA:0,(anonymous_4)
FNDA:0,(anonymous_5)
DA:7,2
DA:8,2
DA:9,2
DA:11,2
DA:12,2
DA:15,1
DA:16,1
DA:17,1
DA:18,1
DA:20,1
DA:27,1
DA:33,2
DA:34,0
DA:35,0
DA:36,0
DA:37,0
DA:44,0
DA:50,2
DA:51,0
DA:52,0
DA:53,0
DA:60,0
DA:70,2
DA:71,0
DA:72,0
DA:73,0
DA:78,0
DA:84,2
DA:85,0
DA:86,0
DA:87,0
DA:88,0
DA:93,0
DA:99,2
DA:100,0
DA:101,0
DA:102,0
DA:103,0
DA:109,0
DA:115,2
LF:40
LH:17
BRDA:12,0,0,1
BRDA:12,0,1,1
BRF:2
BRH:2
end_of_record
TN:
SF:helpers/auth.helper.js
FN:6,(anonymous_0)
FN:11,(anonymous_1)
FNF:2
FNH:1
FNDA:6,(anonymous_0)
FNDA:0,(anonymous_1)
DA:4,1
DA:6,1
DA:7,6
DA:8,6
DA:11,1
DA:12,0
DA:13,0
DA:16,1
LF:8
LH:6
BRF:0
BRH:0
end_of_record
TN:
SF:helpers/email.generator.js
FN:1,(anonymous_0)
FNF:1
FNH:1
FNDA:1,(anonymous_0)
DA:1,1
DA:2,1
LF:2
LH:2
BRDA:1,0,0,0
BRF:1
BRH:0
end_of_record
TN:
SF:middlewares/admin.js
FN:2,adminRole
FNF:1
FNH:1
FNDA:5,adminRole
DA:3,5
DA:4,5
DA:7,2
LF:3
LH:3
BRDA:3,0,0,0
BRDA:3,0,1,5
BRF:2
BRH:1
end_of_record
TN:
SF:middlewares/jwt_auth.js
FN:6,validToken
FNF:1
FNH:1
FNDA:6,validToken
DA:4,2
DA:9,6
DA:12,6
DA:16,5
DA:18,5
DA:19,5
DA:20,5
DA:22,0
DA:29,2
LF:9
LH:8
BRDA:12,0,0,1
BRDA:12,0,1,5
BRF:2
BRH:2
end_of_record
TN:
SF:models/blogSchema.js
FNF:0
FNH:0
DA:3,2
LF:1
LH:1
BRF:0
BRH:0
end_of_record
TN:
SF:models/commentSchema.js
FNF:0
FNH:0
DA:3,2
LF:1
LH:1
BRF:0
BRH:0
end_of_record
TN:
SF:models/messageSchema.js
FNF:0
FNH:0
DA:3,2
LF:1
LH:1
BRF:0
BRH:0
end_of_record
TN:
SF:models/skillSchema.js
FNF:0
FNH:0
DA:3,2
LF:1
LH:1
BRF:0
BRH:0
end_of_record
TN:
SF:models/userSchema.js
FN:32,(anonymous_0)
FNF:1
FNH:1
FNDA:2,(anonymous_0)
DA:5,3
DA:6,3
DA:32,3
DA:33,2
DA:34,2
LF:5
LH:5
BRF:0
BRH:0
end_of_record
TN:
SF:routes/blogs.js
FNF:0
FNH:0
DA:7,2
DA:10,2
DA:13,2
DA:16,2
DA:19,2
DA:22,2
DA:24,2
LF:7
LH:7
BRF:0
BRH:0
end_of_record
TN:
SF:routes/comments.js
FNF:0
FNH:0
DA:5,2
DA:9,2
DA:12,2
DA:15,2
DA:18,2
LF:5
LH:5
BRF:0
BRH:0
end_of_record
TN:
SF:routes/home.js
FN:4,(anonymous_0)
FNF:1
FNH:0
FNDA:0,(anonymous_0)
DA:2,2
DA:4,2
DA:5,0
DA:8,2
LF:4
LH:3
BRF:0
BRH:0
end_of_record
TN:
SF:routes/login.js
FNF:0
FNH:0
DA:3,2
DA:6,2
DA:8,2
LF:3
LH:3
BRF:0
BRH:0
end_of_record
TN:
SF:routes/messages.js
FNF:0
FNH:0
DA:6,2
DA:10,2
DA:13,2
DA:16,2
DA:19,2
DA:21,2
LF:6
LH:6
BRF:0
BRH:0
end_of_record
TN:
SF:routes/skills.js
FNF:0
FNH:0
DA:6,2
DA:10,2
DA:13,2
DA:16,2
DA:19,2
DA:23,2
DA:25,2
LF:7
LH:7
BRF:0
BRH:0
end_of_record
TN:
SF:routes/users.js
FNF:0
FNH:0
DA:6,2
DA:9,2
DA:13,2
DA:16,2
DA:20,2
DA:23,2
DA:26,2
DA:30,2
LF:8
LH:8
BRF:0
BRH:0
end_of_record
